Build started 27/04/2014 09:17:45 p.m..
     1>Project "C:\Users\TYS-001\Dropbox\Chivarecords\Escuela\CETI\Robotica\Noel\Brazo Robot\VE_BrazoRobot\VE_BrazoRobot\VE_BrazoRobot.vcxproj" on node 2 (build target(s)).
     1>InitializeBuildStatus:
         Creating "Debug\VE_BrazoRobot.unsuccessfulbuild" because "AlwaysCreate" was specified.
       ClCompile:
         All outputs are up-to-date.
         All outputs are up-to-date.
       ResourceCompile:
         All outputs are up-to-date.
       ManifestResourceCompile:
         All outputs are up-to-date.
       Link:
         C:\Program Files (x86)\Microsoft Visual Studio 10.0\VC\bin\link.exe /ERRORREPORT:PROMPT /OUT:"C:\Users\TYS-001\Dropbox\Chivarecords\Escuela\CETI\Robotica\Noel\Brazo Robot\VE_BrazoRobot\Debug\VE_BrazoRobot.exe" /INCREMENTAL /NOLOGO kernel32.lib user32.lib gdi32.lib winspool.lib comdlg32.lib advapi32.lib shell32.lib ole32.lib oleaut32.lib uuid.lib odbc32.lib odbccp32.lib /MANIFEST /ManifestFile:"Debug\VE_BrazoRobot.exe.intermediate.manifest" /MANIFESTUAC:"level='asInvoker' uiAccess='false'" /DEBUG /PDB:"C:\Users\TYS-001\Dropbox\Chivarecords\Escuela\CETI\Robotica\Noel\Brazo Robot\VE_BrazoRobot\Debug\VE_BrazoRobot.pdb" /SUBSYSTEM:WINDOWS /TLBID:1 /DYNAMICBASE /NXCOMPAT /IMPLIB:"C:\Users\TYS-001\Dropbox\Chivarecords\Escuela\CETI\Robotica\Noel\Brazo Robot\VE_BrazoRobot\Debug\VE_BrazoRobot.lib" /MACHINE:X86 Debug\VE_BrazoRobot.res
         Debug\VE_BrazoRobot.exe.embed.manifest.res
         Debug\stdafx.obj
         Debug\VE_BrazoRobot.obj
       Manifest:
         C:\Program Files (x86)\Microsoft SDKs\Windows\v7.0A\bin\mt.exe /nologo /verbose /out:"Debug\VE_BrazoRobot.exe.embed.manifest" /manifest Debug\VE_BrazoRobot.exe.intermediate.manifest
         All outputs are up-to-date.
       LinkEmbedManifest:
         All outputs are up-to-date.
         VE_BrazoRobot.vcxproj -> C:\Users\TYS-001\Dropbox\Chivarecords\Escuela\CETI\Robotica\Noel\Brazo Robot\VE_BrazoRobot\Debug\VE_BrazoRobot.exe
       FinalizeBuildStatus:
         Deleting file "Debug\VE_BrazoRobot.unsuccessfulbuild".
         Touching "Debug\VE_BrazoRobot.lastbuildstate".
     1>Done Building Project "C:\Users\TYS-001\Dropbox\Chivarecords\Escuela\CETI\Robotica\Noel\Brazo Robot\VE_BrazoRobot\VE_BrazoRobot\VE_BrazoRobot.vcxproj" (build target(s)).

Build succeeded.

Time Elapsed 00:00:00.55
